<?xml version="1.0" encoding="utf-8"?><testsuite errors="0" failures="0" name="sphinx-gallery" skipped="1" tests="6" time="0.5054495334625244"><testcase classname="plot_svg" file="examples/plot_svg.py" line="1" name="SVG graphics" time="0.06650066375732422"></testcase><testcase classname="plot_pickle" file="examples/plot_pickle.py" line="1" name="Pickling" time="0.2897660732269287"></testcase><testcase classname="plot_second_future_imports" file="examples/plot_second_future_imports.py" line="1" name="Testing future statements across examples" time="0.0008523464202880859"></testcase><testcase classname="plot_numpy_matplotlib" file="examples/plot_numpy_matplotlib.py" line="1" name="Link to other packages" time="0.14505481719970703"></testcase><testcase classname="plot_future_imports_broken" file="examples/future/plot_future_imports_broken.py" line="1" name="Test without __future__ imports" time="0.0022268295288085938"><skipped message="expected example failure"></skipped></testcase><testcase classname="plot_future_imports" file="examples/future/plot_future_imports.py" line="1" name="Test __future__ imports across cells" time="0.0010488033294677734"></testcase></testsuite>